<?xml version="1.0" encoding="UTF-8"?>
<coverage generated="1619291274054" clover="3.2.0">
  <project timestamp="1619291274054" name="All files">
    <metrics statements="24" coveredstatements="24" conditionals="12" coveredconditionals="12" methods="2" coveredmethods="2" elements="38" coveredelements="38" complexity="0" loc="24" ncloc="24" packages="1" files="1" classes="1"/>
    <file name="index.js" path="D:\devEducation\all_hw\closure\index.js">
      <metrics statements="24" coveredstatements="24" conditionals="12" coveredconditionals="12" methods="2" coveredmethods="2"/>
      <line num="2" count="3" type="stmt"/>
      <line num="3" count="3" type="stmt"/>
      <line num="4" count="3" type="cond" truecount="2" falsecount="0"/>
      <line num="5" count="2" type="stmt"/>
      <line num="6" count="5" type="cond" truecount="2" falsecount="0"/>
      <line num="7" count="1" type="stmt"/>
      <line num="8" count="1" type="stmt"/>
      <line num="11" count="4" type="stmt"/>
      <line num="12" count="4" type="stmt"/>
      <line num="16" count="2" type="stmt"/>
      <line num="27" count="1" type="stmt"/>
      <line num="89" count="2" type="stmt"/>
      <line num="90" count="2" type="stmt"/>
      <line num="91" count="2" type="cond" truecount="4" falsecount="0"/>
      <line num="92" count="1" type="stmt"/>
      <line num="95" count="1" type="stmt"/>
      <line num="96" count="4" type="cond" truecount="2" falsecount="0"/>
      <line num="97" count="1" type="stmt"/>
      <line num="99" count="4" type="stmt"/>
      <line num="100" count="5" type="cond" truecount="2" falsecount="0"/>
      <line num="101" count="3" type="stmt"/>
      <line num="106" count="1" type="stmt"/>
      <line num="109" count="1" type="stmt"/>
      <line num="122" count="1" type="stmt"/>
    </file>
  </project>
</coverage>
