{"D:\\devEducation\\all_hw\\closure\\index.js": {"path":"D:\\devEducation\\all_hw\\closure\\index.js","statementMap":{"0":{"start":{"line":2,"column":14},"end":{"line":2,"column":15}},"1":{"start":{"line":3,"column":17},"end":{"line":3,"column":19}},"2":{"start":{"line":4,"column":4},"end":{"line":4,"column":41}},"3":{"start":{"line":4,"column":29},"end":{"line":4,"column":41}},"4":{"start":{"line":5,"column":4},"end":{"line":15,"column":5}},"5":{"start":{"line":5,"column":16},"end":{"line":5,"column":17}},"6":{"start":{"line":6,"column":8},"end":{"line":13,"column":9}},"7":{"start":{"line":7,"column":12},"end":{"line":7,"column":90}},"8":{"start":{"line":8,"column":12},"end":{"line":8,"column":18}},"9":{"start":{"line":11,"column":12},"end":{"line":11,"column":22}},"10":{"start":{"line":12,"column":12},"end":{"line":12,"column":28}},"11":{"start":{"line":16,"column":4},"end":{"line":16,"column":18}},"12":{"start":{"line":27,"column":19},"end":{"line":86,"column":1}},"13":{"start":{"line":89,"column":15},"end":{"line":89,"column":16}},"14":{"start":{"line":90,"column":19},"end":{"line":90,"column":20}},"15":{"start":{"line":91,"column":4},"end":{"line":93,"column":5}},"16":{"start":{"line":92,"column":8},"end":{"line":92,"column":21}},"17":{"start":{"line":95,"column":4},"end":{"line":104,"column":5}},"18":{"start":{"line":95,"column":15},"end":{"line":95,"column":16}},"19":{"start":{"line":96,"column":8},"end":{"line":98,"column":9}},"20":{"start":{"line":97,"column":12},"end":{"line":97,"column":19}},"21":{"start":{"line":99,"column":8},"end":{"line":103,"column":9}},"22":{"start":{"line":100,"column":12},"end":{"line":102,"column":13}},"23":{"start":{"line":101,"column":16},"end":{"line":101,"column":27}},"24":{"start":{"line":106,"column":4},"end":{"line":106,"column":52}},"25":{"start":{"line":109,"column":0},"end":{"line":109,"column":60}},"26":{"start":{"line":122,"column":0},"end":{"line":125,"column":1}}},"fnMap":{"0":{"name":"ticket","decl":{"start":{"line":1,"column":9},"end":{"line":1,"column":15}},"loc":{"start":{"line":1,"column":20},"end":{"line":17,"column":1}},"line":1},"1":{"name":"getQuntityPostsByAuthor","decl":{"start":{"line":88,"column":10},"end":{"line":88,"column":33}},"loc":{"start":{"line":88,"column":49},"end":{"line":107,"column":1}},"line":88}},"branchMap":{"0":{"loc":{"start":{"line":4,"column":4},"end":{"line":4,"column":41}},"type":"if","locations":[{"start":{"line":4,"column":4},"end":{"line":4,"column":41}},{"start":{"line":4,"column":4},"end":{"line":4,"column":41}}],"line":4},"1":{"loc":{"start":{"line":6,"column":8},"end":{"line":13,"column":9}},"type":"if","locations":[{"start":{"line":6,"column":8},"end":{"line":13,"column":9}},{"start":{"line":6,"column":8},"end":{"line":13,"column":9}}],"line":6},"2":{"loc":{"start":{"line":91,"column":4},"end":{"line":93,"column":5}},"type":"if","locations":[{"start":{"line":91,"column":4},"end":{"line":93,"column":5}},{"start":{"line":91,"column":4},"end":{"line":93,"column":5}}],"line":91},"3":{"loc":{"start":{"line":91,"column":7},"end":{"line":91,"column":61}},"type":"binary-expr","locations":[{"start":{"line":91,"column":7},"end":{"line":91,"column":31}},{"start":{"line":91,"column":35},"end":{"line":91,"column":61}}],"line":91},"4":{"loc":{"start":{"line":96,"column":8},"end":{"line":98,"column":9}},"type":"if","locations":[{"start":{"line":96,"column":8},"end":{"line":98,"column":9}},{"start":{"line":96,"column":8},"end":{"line":98,"column":9}}],"line":96},"5":{"loc":{"start":{"line":100,"column":12},"end":{"line":102,"column":13}},"type":"if","locations":[{"start":{"line":100,"column":12},"end":{"line":102,"column":13}},{"start":{"line":100,"column":12},"end":{"line":102,"column":13}}],"line":100}},"s":{"0":3,"1":3,"2":3,"3":1,"4":2,"5":2,"6":5,"7":1,"8":1,"9":4,"10":4,"11":2,"12":1,"13":2,"14":2,"15":2,"16":1,"17":1,"18":1,"19":4,"20":1,"21":4,"22":5,"23":3,"24":1,"25":1,"26":1},"f":{"0":3,"1":2},"b":{"0":[1,2],"1":[1,4],"2":[1,1],"3":[2,1],"4":[1,3],"5":[3,2]},"_coverageSchema":"1a1c01bbd47fc00a2c39e90264f33305004495a9","hash":"2bfe5806fa22b2395317ec1582327d3a0c350b05"}
}
