TN:
SF:index.js
FN:1,ticket
FN:88,getQuntityPostsByAuthor
FNF:2
FNH:2
FNDA:3,ticket
FNDA:2,getQuntityPostsByAuthor
DA:2,3
DA:3,3
DA:4,3
DA:5,2
DA:6,5
DA:7,1
DA:8,1
DA:11,4
DA:12,4
DA:16,2
DA:27,1
DA:89,2
DA:90,2
DA:91,2
DA:92,1
DA:95,1
DA:96,4
DA:97,1
DA:99,4
DA:100,5
DA:101,3
DA:106,1
DA:109,1
DA:122,1
LF:24
LH:24
BRDA:4,0,0,1
BRDA:4,0,1,2
BRDA:6,1,0,1
BRDA:6,1,1,4
BRDA:91,2,0,1
BRDA:91,2,1,1
BRDA:91,3,0,2
BRDA:91,3,1,1
BRDA:96,4,0,1
BRDA:96,4,1,3
BRDA:100,5,0,3
BRDA:100,5,1,2
BRF:12
BRH:12
end_of_record
